<?xml version="1.0" encoding="UTF-8"?>
<!-- Generated by org.testng.reporters.JUnitXMLReporter -->
<testsuite hostname="LTILBOM20405810" ignored="3" name="Default test" tests="1" failures="0" timestamp="2023-02-25T20:40:34 IST" time="0.076" errors="0">
  <testcase name="@BeforeMethod initialization" time="-1.677337834783E9" classname="com.frame.qa.base.TestBase">
    <failure type="org.testng.TestNGException" message="
Parameter &amp;apos;platform&amp;apos; is required by BeforeMethod on method initialization but has not been marked @Optional or defined
in /private/var/folders/b6/k_w0589j24712v_9f8zffkgnct9bh0/T/testng-eclipse-582225441/testng-customsuite.xml">
      <![CDATA[org.testng.TestNGException: 
Parameter 'platform' is required by BeforeMethod on method initialization but has not been marked @Optional or defined
in /private/var/folders/b6/k_w0589j24712v_9f8zffkgnct9bh0/T/testng-eclipse-582225441/testng-customsuite.xml
at org.testng.internal.Parameters.createParams(Parameters.java:270)
at org.testng.internal.Parameters.createParametersForMethod(Parameters.java:358)
at org.testng.internal.Parameters.createParameters(Parameters.java:700)
at org.testng.internal.Parameters.createConfigurationParameters(Parameters.java:168)
at org.testng.internal.ConfigInvoker.invokeConfigurations(ConfigInvoker.java:302)
at org.testng.internal.TestInvoker.runConfigMethods(TestInvoker.java:700)
at org.testng.internal.TestInvoker.invokeMethod(TestInvoker.java:527)
at org.testng.internal.TestInvoker.invokeTestMethod(TestInvoker.java:173)
at org.testng.internal.MethodRunner.runInSequence(MethodRunner.java:46)
at org.testng.internal.TestInvoker$MethodInvocationAgent.invoke(TestInvoker.java:824)
at org.testng.internal.TestInvoker.invokeTestMethods(TestInvoker.java:146)
at org.testng.internal.TestMethodWorker.invokeTestMethods(TestMethodWorker.java:146)
at org.testng.internal.TestMethodWorker.run(TestMethodWorker.java:128)
at java.util.ArrayList.forEach(ArrayList.java:1259)
at org.testng.TestRunner.privateRun(TestRunner.java:794)
at org.testng.TestRunner.run(TestRunner.java:596)
at org.testng.SuiteRunner.runTest(SuiteRunner.java:377)
at org.testng.SuiteRunner.runSequentially(SuiteRunner.java:371)
at org.testng.SuiteRunner.privateRun(SuiteRunner.java:332)
at org.testng.SuiteRunner.run(SuiteRunner.java:276)
at org.testng.SuiteRunnerWorker.runSuite(SuiteRunnerWorker.java:53)
at org.testng.SuiteRunnerWorker.run(SuiteRunnerWorker.java:96)
at org.testng.TestNG.runSuitesSequentially(TestNG.java:1212)
at org.testng.TestNG.runSuitesLocally(TestNG.java:1134)
at org.testng.TestNG.runSuites(TestNG.java:1063)
at org.testng.TestNG.run(TestNG.java:1031)
at org.testng.remote.AbstractRemoteTestNG.run(AbstractRemoteTestNG.java:115)
at org.testng.remote.RemoteTestNG.initAndRun(RemoteTestNG.java:251)
at org.testng.remote.RemoteTestNG.main(RemoteTestNG.java:77)
]]>
    </failure>
  </testcase> <!-- @BeforeMethod initialization -->
  <testcase name="@BeforeMethod setUp" time="-1.6773378348E9" classname="com.frame.qa.sampleTestcases.StoreHomePageTest">
    <skipped/>
  </testcase> <!-- @BeforeMethod setUp -->
  <testcase name="@AfterMethod tearDown" time="-1.67733783481E9" classname="com.frame.qa.base.TestBase">
    <skipped/>
  </testcase> <!-- @AfterMethod tearDown -->
  <testcase name="SearchProduct" time="0.0" classname="com.frame.qa.sampleTestcases.StoreHomePageTest">
    <skipped/>
  </testcase> <!-- SearchProduct -->
  <testcase name="selectWomenCatagory" time="0.0" classname="com.frame.qa.sampleTestcases.StoreHomePageTest">
    <ignored/>
  </testcase> <!-- selectWomenCatagory -->
  <testcase name="productCheckout" time="0.0" classname="com.frame.qa.sampleTestcases.StoreHomePageTest">
    <ignored/>
  </testcase> <!-- productCheckout -->
  <testcase name="selectLanguange" time="0.0" classname="com.frame.qa.sampleTestcases.StoreHomePageTest">
    <ignored/>
  </testcase> <!-- selectLanguange -->
</testsuite> <!-- Default test -->
