<?xml version="1.0" encoding="UTF-8"?>
<!-- Generated by org.testng.reporters.JUnitReportReporter -->
<testsuite hostname="LTILBOM20101350" failures="0" tests="28" name="com.frame.qa.sampleTestcases.StoreLandingPageTest" time="1008.294" errors="4" timestamp="2022-08-22T17:06:06 IST" skipped="0">
  <testcase classname="com.frame.qa.sampleTestcases.StoreLandingPageTest" name="b_selectWomenCatagory" time="28.644"/>
  <system-out/>
  <testcase classname="com.frame.qa.sampleTestcases.StoreLandingPageTest" name="b_selectWomenCatagory" time="34.675"/>
  <system-out/>
  <testcase classname="com.frame.qa.sampleTestcases.StoreLandingPageTest" name="b_SearchProduct" time="38.662"/>
  <system-out/>
  <testcase classname="com.frame.qa.sampleTestcases.StoreLandingPageTest" name="b_SearchProduct" time="43.649"/>
  <system-out/>
  <testcase classname="com.frame.qa.sampleTestcases.StoreLandingPageTest" name="b_selectLanguange" time="33.791"/>
  <system-out/>
  <testcase classname="com.frame.qa.sampleTestcases.StoreLandingPageTest" name="b_selectLanguange" time="18.894"/>
  <system-out/>
  <testcase classname="com.frame.qa.sampleTestcases.StoreLandingPageTest" name="b_launchCatagoryInNewTab" time="21.928"/>
  <system-out/>
  <testcase classname="com.frame.qa.sampleTestcases.StoreLandingPageTest" name="b_launchCatagoryInNewTab" time="18.423"/>
  <system-out/>
  <testcase classname="com.frame.qa.sampleTestcases.StoreLandingPageTest" name="b_productCheckout" time="72.847"/>
  <system-out/>
  <testcase classname="com.frame.qa.sampleTestcases.StoreLandingPageTest" name="b_productCheckout" time="65.275"/>
  <system-out/>
  <testcase classname="com.frame.qa.sampleTestcases.StoreLandingPageTest" name="b_SelectEachCatagory" time="36.361">
    <error message="Cannot invoke &quot;com.aventstack.extentreports.ExtentTest.assignAuthor(String[])&quot; because &quot;com.frame.qa.sampleTestcases.StoreLandingPageTest.test&quot; is null" type="java.lang.NullPointerException">
      <![CDATA[java.lang.NullPointerException: Cannot invoke "com.aventstack.extentreports.ExtentTest.assignAuthor(String[])" because "com.frame.qa.sampleTestcases.StoreLandingPageTest.test" is null
at com.frame.qa.sampleTestcases.StoreLandingPageTest.b_SelectEachCatagory(StoreLandingPageTest.java:79)
at java.base/jdk.internal.reflect.NativeMethodAccessorImpl.invoke0(Native Method)
at java.base/jdk.internal.reflect.NativeMethodAccessorImpl.invoke(NativeMethodAccessorImpl.java:78)
at java.base/jdk.internal.reflect.DelegatingMethodAccessorImpl.invoke(DelegatingMethodAccessorImpl.java:43)
at java.base/java.lang.reflect.Method.invoke(Method.java:567)
at org.testng.internal.MethodInvocationHelper.invokeMethod(MethodInvocationHelper.java:133)
at org.testng.internal.TestInvoker.invokeMethod(TestInvoker.java:598)
at org.testng.internal.TestInvoker.invokeTestMethod(TestInvoker.java:173)
at org.testng.internal.MethodRunner.runInSequence(MethodRunner.java:46)
at org.testng.internal.TestInvoker$MethodInvocationAgent.invoke(TestInvoker.java:824)
at org.testng.internal.TestInvoker.invokeTestMethods(TestInvoker.java:146)
at org.testng.internal.TestMethodWorker.invokeTestMethods(TestMethodWorker.java:146)
at org.testng.internal.TestMethodWorker.run(TestMethodWorker.java:128)
at java.base/java.util.ArrayList.forEach(ArrayList.java:1511)
at org.testng.TestRunner.privateRun(TestRunner.java:794)
at org.testng.TestRunner.run(TestRunner.java:596)
at org.testng.SuiteRunner.runTest(SuiteRunner.java:377)
at org.testng.SuiteRunner.runSequentially(SuiteRunner.java:371)
at org.testng.SuiteRunner.privateRun(SuiteRunner.java:332)
at org.testng.SuiteRunner.run(SuiteRunner.java:276)
at org.testng.SuiteRunnerWorker.runSuite(SuiteRunnerWorker.java:53)
at org.testng.SuiteRunnerWorker.run(SuiteRunnerWorker.java:96)
at org.testng.TestNG.runSuitesSequentially(TestNG.java:1212)
at org.testng.TestNG.runSuitesLocally(TestNG.java:1134)
at org.testng.TestNG.runSuites(TestNG.java:1063)
at org.testng.TestNG.run(TestNG.java:1031)
at org.testng.remote.AbstractRemoteTestNG.run(AbstractRemoteTestNG.java:115)
at org.testng.remote.RemoteTestNG.initAndRun(RemoteTestNG.java:251)
at org.testng.remote.RemoteTestNG.main(RemoteTestNG.java:77)
]]>
    </error>
  </testcase> <!-- b_SelectEachCatagory -->
  <system-out/>
  <testcase classname="com.frame.qa.sampleTestcases.StoreLandingPageTest" name="b_SelectEachCatagory" time="17.669">
    <error message="Cannot invoke &quot;com.aventstack.extentreports.ExtentTest.assignAuthor(String[])&quot; because &quot;com.frame.qa.sampleTestcases.StoreLandingPageTest.test&quot; is null" type="java.lang.NullPointerException">
      <![CDATA[java.lang.NullPointerException: Cannot invoke "com.aventstack.extentreports.ExtentTest.assignAuthor(String[])" because "com.frame.qa.sampleTestcases.StoreLandingPageTest.test" is null
at com.frame.qa.sampleTestcases.StoreLandingPageTest.b_SelectEachCatagory(StoreLandingPageTest.java:79)
at java.base/jdk.internal.reflect.NativeMethodAccessorImpl.invoke0(Native Method)
at java.base/jdk.internal.reflect.NativeMethodAccessorImpl.invoke(NativeMethodAccessorImpl.java:78)
at java.base/jdk.internal.reflect.DelegatingMethodAccessorImpl.invoke(DelegatingMethodAccessorImpl.java:43)
at java.base/java.lang.reflect.Method.invoke(Method.java:567)
at org.testng.internal.MethodInvocationHelper.invokeMethod(MethodInvocationHelper.java:133)
at org.testng.internal.TestInvoker.invokeMethod(TestInvoker.java:598)
at org.testng.internal.TestInvoker.invokeTestMethod(TestInvoker.java:173)
at org.testng.internal.MethodRunner.runInSequence(MethodRunner.java:46)
at org.testng.internal.TestInvoker$MethodInvocationAgent.invoke(TestInvoker.java:824)
at org.testng.internal.TestInvoker.invokeTestMethods(TestInvoker.java:146)
at org.testng.internal.TestMethodWorker.invokeTestMethods(TestMethodWorker.java:146)
at org.testng.internal.TestMethodWorker.run(TestMethodWorker.java:128)
at java.base/java.util.ArrayList.forEach(ArrayList.java:1511)
at org.testng.TestRunner.privateRun(TestRunner.java:794)
at org.testng.TestRunner.run(TestRunner.java:596)
at org.testng.SuiteRunner.runTest(SuiteRunner.java:377)
at org.testng.SuiteRunner.runSequentially(SuiteRunner.java:371)
at org.testng.SuiteRunner.privateRun(SuiteRunner.java:332)
at org.testng.SuiteRunner.run(SuiteRunner.java:276)
at org.testng.SuiteRunnerWorker.runSuite(SuiteRunnerWorker.java:53)
at org.testng.SuiteRunnerWorker.run(SuiteRunnerWorker.java:96)
at org.testng.TestNG.runSuitesSequentially(TestNG.java:1212)
at org.testng.TestNG.runSuitesLocally(TestNG.java:1134)
at org.testng.TestNG.runSuites(TestNG.java:1063)
at org.testng.TestNG.run(TestNG.java:1031)
at org.testng.remote.AbstractRemoteTestNG.run(AbstractRemoteTestNG.java:115)
at org.testng.remote.RemoteTestNG.initAndRun(RemoteTestNG.java:251)
at org.testng.remote.RemoteTestNG.main(RemoteTestNG.java:77)
]]>
    </error>
  </testcase> <!-- b_SelectEachCatagory -->
  <system-out/>
  <testcase classname="com.frame.qa.sampleTestcases.StoreLandingPageTest" name="b_TestAngularApp" time="40.371"/>
  <system-out/>
  <testcase classname="com.frame.qa.sampleTestcases.StoreLandingPageTest" name="b_TestAngularApp" time="41.019"/>
  <system-out/>
  <testcase classname="com.frame.qa.sampleTestcases.StoreLandingPageTest" name="c_selectWomenCatagory" time="26.319"/>
  <system-out/>
  <testcase classname="com.frame.qa.sampleTestcases.StoreLandingPageTest" name="c_selectWomenCatagory" time="34.342"/>
  <system-out/>
  <testcase classname="com.frame.qa.sampleTestcases.StoreLandingPageTest" name="c_SearchProduct" time="14.232"/>
  <system-out/>
  <testcase classname="com.frame.qa.sampleTestcases.StoreLandingPageTest" name="c_SearchProduct" time="36.435"/>
  <system-out/>
  <testcase classname="com.frame.qa.sampleTestcases.StoreLandingPageTest" name="c_selectLanguange" time="28.414"/>
  <system-out/>
  <testcase classname="com.frame.qa.sampleTestcases.StoreLandingPageTest" name="c_selectLanguange" time="22.892"/>
  <system-out/>
  <testcase classname="com.frame.qa.sampleTestcases.StoreLandingPageTest" name="c_launchCatagoryInNewTab" time="44.101"/>
  <system-out/>
  <testcase classname="com.frame.qa.sampleTestcases.StoreLandingPageTest" name="c_launchCatagoryInNewTab" time="27.065"/>
  <system-out/>
  <testcase classname="com.frame.qa.sampleTestcases.StoreLandingPageTest" name="c_productCheckout" time="66.936"/>
  <system-out/>
  <testcase classname="com.frame.qa.sampleTestcases.StoreLandingPageTest" name="c_productCheckout" time="74.273"/>
  <system-out/>
  <testcase classname="com.frame.qa.sampleTestcases.StoreLandingPageTest" name="c_SelectEachCatagory" time="28.504">
    <error message="Cannot invoke &quot;com.aventstack.extentreports.ExtentTest.assignAuthor(String[])&quot; because &quot;com.frame.qa.sampleTestcases.StoreLandingPageTest.test&quot; is null" type="java.lang.NullPointerException">
      <![CDATA[java.lang.NullPointerException: Cannot invoke "com.aventstack.extentreports.ExtentTest.assignAuthor(String[])" because "com.frame.qa.sampleTestcases.StoreLandingPageTest.test" is null
at com.frame.qa.sampleTestcases.StoreLandingPageTest.c_SelectEachCatagory(StoreLandingPageTest.java:142)
at java.base/jdk.internal.reflect.NativeMethodAccessorImpl.invoke0(Native Method)
at java.base/jdk.internal.reflect.NativeMethodAccessorImpl.invoke(NativeMethodAccessorImpl.java:78)
at java.base/jdk.internal.reflect.DelegatingMethodAccessorImpl.invoke(DelegatingMethodAccessorImpl.java:43)
at java.base/java.lang.reflect.Method.invoke(Method.java:567)
at org.testng.internal.MethodInvocationHelper.invokeMethod(MethodInvocationHelper.java:133)
at org.testng.internal.TestInvoker.invokeMethod(TestInvoker.java:598)
at org.testng.internal.TestInvoker.invokeTestMethod(TestInvoker.java:173)
at org.testng.internal.MethodRunner.runInSequence(MethodRunner.java:46)
at org.testng.internal.TestInvoker$MethodInvocationAgent.invoke(TestInvoker.java:824)
at org.testng.internal.TestInvoker.invokeTestMethods(TestInvoker.java:146)
at org.testng.internal.TestMethodWorker.invokeTestMethods(TestMethodWorker.java:146)
at org.testng.internal.TestMethodWorker.run(TestMethodWorker.java:128)
at java.base/java.util.ArrayList.forEach(ArrayList.java:1511)
at org.testng.TestRunner.privateRun(TestRunner.java:794)
at org.testng.TestRunner.run(TestRunner.java:596)
at org.testng.SuiteRunner.runTest(SuiteRunner.java:377)
at org.testng.SuiteRunner.runSequentially(SuiteRunner.java:371)
at org.testng.SuiteRunner.privateRun(SuiteRunner.java:332)
at org.testng.SuiteRunner.run(SuiteRunner.java:276)
at org.testng.SuiteRunnerWorker.runSuite(SuiteRunnerWorker.java:53)
at org.testng.SuiteRunnerWorker.run(SuiteRunnerWorker.java:96)
at org.testng.TestNG.runSuitesSequentially(TestNG.java:1212)
at org.testng.TestNG.runSuitesLocally(TestNG.java:1134)
at org.testng.TestNG.runSuites(TestNG.java:1063)
at org.testng.TestNG.run(TestNG.java:1031)
at org.testng.remote.AbstractRemoteTestNG.run(AbstractRemoteTestNG.java:115)
at org.testng.remote.RemoteTestNG.initAndRun(RemoteTestNG.java:251)
at org.testng.remote.RemoteTestNG.main(RemoteTestNG.java:77)
]]>
    </error>
  </testcase> <!-- c_SelectEachCatagory -->
  <system-out/>
  <testcase classname="com.frame.qa.sampleTestcases.StoreLandingPageTest" name="c_SelectEachCatagory" time="18.189">
    <error message="Cannot invoke &quot;com.aventstack.extentreports.ExtentTest.assignAuthor(String[])&quot; because &quot;com.frame.qa.sampleTestcases.StoreLandingPageTest.test&quot; is null" type="java.lang.NullPointerException">
      <![CDATA[java.lang.NullPointerException: Cannot invoke "com.aventstack.extentreports.ExtentTest.assignAuthor(String[])" because "com.frame.qa.sampleTestcases.StoreLandingPageTest.test" is null
at com.frame.qa.sampleTestcases.StoreLandingPageTest.c_SelectEachCatagory(StoreLandingPageTest.java:142)
at java.base/jdk.internal.reflect.NativeMethodAccessorImpl.invoke0(Native Method)
at java.base/jdk.internal.reflect.NativeMethodAccessorImpl.invoke(NativeMethodAccessorImpl.java:78)
at java.base/jdk.internal.reflect.DelegatingMethodAccessorImpl.invoke(DelegatingMethodAccessorImpl.java:43)
at java.base/java.lang.reflect.Method.invoke(Method.java:567)
at org.testng.internal.MethodInvocationHelper.invokeMethod(MethodInvocationHelper.java:133)
at org.testng.internal.TestInvoker.invokeMethod(TestInvoker.java:598)
at org.testng.internal.TestInvoker.invokeTestMethod(TestInvoker.java:173)
at org.testng.internal.MethodRunner.runInSequence(MethodRunner.java:46)
at org.testng.internal.TestInvoker$MethodInvocationAgent.invoke(TestInvoker.java:824)
at org.testng.internal.TestInvoker.invokeTestMethods(TestInvoker.java:146)
at org.testng.internal.TestMethodWorker.invokeTestMethods(TestMethodWorker.java:146)
at org.testng.internal.TestMethodWorker.run(TestMethodWorker.java:128)
at java.base/java.util.ArrayList.forEach(ArrayList.java:1511)
at org.testng.TestRunner.privateRun(TestRunner.java:794)
at org.testng.TestRunner.run(TestRunner.java:596)
at org.testng.SuiteRunner.runTest(SuiteRunner.java:377)
at org.testng.SuiteRunner.runSequentially(SuiteRunner.java:371)
at org.testng.SuiteRunner.privateRun(SuiteRunner.java:332)
at org.testng.SuiteRunner.run(SuiteRunner.java:276)
at org.testng.SuiteRunnerWorker.runSuite(SuiteRunnerWorker.java:53)
at org.testng.SuiteRunnerWorker.run(SuiteRunnerWorker.java:96)
at org.testng.TestNG.runSuitesSequentially(TestNG.java:1212)
at org.testng.TestNG.runSuitesLocally(TestNG.java:1134)
at org.testng.TestNG.runSuites(TestNG.java:1063)
at org.testng.TestNG.run(TestNG.java:1031)
at org.testng.remote.AbstractRemoteTestNG.run(AbstractRemoteTestNG.java:115)
at org.testng.remote.RemoteTestNG.initAndRun(RemoteTestNG.java:251)
at org.testng.remote.RemoteTestNG.main(RemoteTestNG.java:77)
]]>
    </error>
  </testcase> <!-- c_SelectEachCatagory -->
  <system-out/>
  <testcase classname="com.frame.qa.sampleTestcases.StoreLandingPageTest" name="c_TestAngularApp" time="35.692"/>
  <system-out/>
  <testcase classname="com.frame.qa.sampleTestcases.StoreLandingPageTest" name="c_TestAngularApp" time="38.692"/>
  <system-out/>
</testsuite> <!-- com.frame.qa.sampleTestcases.StoreLandingPageTest -->
