<html>
<head>
<title>TestNG:  Chrometest2</title>
<link href="../testng.css" rel="stylesheet" type="text/css" />
<link href="../my-testng.css" rel="stylesheet" type="text/css" />

<style type="text/css">
.log { display: none;} 
.stack-trace { display: none;} 
</style>
<script type="text/javascript">
<!--
function flip(e) {
  current = e.style.display;
  if (current == 'block') {
    e.style.display = 'none';
    return 0;
  }
  else {
    e.style.display = 'block';
    return 1;
  }
}

function toggleBox(szDivId, elem, msg1, msg2)
{
  var res = -1;  if (document.getElementById) {
    res = flip(document.getElementById(szDivId));
  }
  else if (document.all) {
    // this is the way old msie versions work
    res = flip(document.all[szDivId]);
  }
  if(elem) {
    if(res == 0) elem.innerHTML = msg1; else elem.innerHTML = msg2;
  }

}

function toggleAllBoxes() {
  if (document.getElementsByTagName) {
    d = document.getElementsByTagName('div');
    for (i = 0; i < d.length; i++) {
      if (d[i].className == 'log') {
        flip(d[i]);
      }
    }
  }
}

// -->
</script>

</head>
<body>
<h2 align='center'>Chrometest2</h2><table border='1' align="center">
<tr>
<td>Tests passed/Failed/Skipped:</td><td>12/2/0</td>
</tr><tr>
<td>Started on:</td><td>Mon Aug 22 17:34:01 IST 2022</td>
</tr>
<tr><td>Total time:</td><td>552 seconds (552620 ms)</td>
</tr><tr>
<td>Included groups:</td><td></td>
</tr><tr>
<td>Excluded groups:</td><td></td>
</tr>
</table><p/>
<small><i>(Hover the method name to see the test class name)</i></small><p/>
<table width='100%' border='1' class='invocation-failed'>
<tr><td colspan='4' align='center'><b>FAILED TESTS</b></td></tr>
<tr><td><b>Test method</b></td>
<td width="30%"><b>Exception</b></td>
<td width="10%"><b>Time (seconds)</b></td>
<td><b>Instance</b></td>
</tr>
<tr>
<td title='com.frame.qa.sampleTestcases.StoreLandingPageTest.c_SelectEachCatagory()'><b>c_SelectEachCatagory</b><br>Test class: com.frame.qa.sampleTestcases.StoreLandingPageTest</td>
<td><div><pre>java.lang.NullPointerException: Cannot invoke &quot;com.aventstack.extentreports.ExtentTest.assignAuthor(String[])&quot; because &quot;com.frame.qa.sampleTestcases.StoreLandingPageTest.test&quot; is null
	at com.frame.qa.sampleTestcases.StoreLandingPageTest.c_SelectEachCatagory(StoreLandingPageTest.java:142)
	at java.base/java.util.ArrayList.forEach(ArrayList.java:1511)
... Removed 27 stack frames</pre></div><a href='#' onClick='toggleBox("stack-trace1305643394", this, "Click to show all stack frames", "Click to hide stack frames")'>Click to show all stack frames</a>
<div class='stack-trace' id='stack-trace1305643394'><pre>java.lang.NullPointerException: Cannot invoke &quot;com.aventstack.extentreports.ExtentTest.assignAuthor(String[])&quot; because &quot;com.frame.qa.sampleTestcases.StoreLandingPageTest.test&quot; is null
	at com.frame.qa.sampleTestcases.StoreLandingPageTest.c_SelectEachCatagory(StoreLandingPageTest.java:142)
	at java.base/jdk.internal.reflect.NativeMethodAccessorImpl.invoke0(Native Method)
	at java.base/jdk.internal.reflect.NativeMethodAccessorImpl.invoke(NativeMethodAccessorImpl.java:78)
	at java.base/jdk.internal.reflect.DelegatingMethodAccessorImpl.invoke(DelegatingMethodAccessorImpl.java:43)
	at java.base/java.lang.reflect.Method.invoke(Method.java:567)
	at org.testng.internal.MethodInvocationHelper.invokeMethod(MethodInvocationHelper.java:133)
	at org.testng.internal.TestInvoker.invokeMethod(TestInvoker.java:598)
	at org.testng.internal.TestInvoker.invokeTestMethod(TestInvoker.java:173)
	at org.testng.internal.MethodRunner.runInSequence(MethodRunner.java:46)
	at org.testng.internal.TestInvoker$MethodInvocationAgent.invoke(TestInvoker.java:824)
	at org.testng.internal.TestInvoker.invokeTestMethods(TestInvoker.java:146)
	at org.testng.internal.TestMethodWorker.invokeTestMethods(TestMethodWorker.java:146)
	at org.testng.internal.TestMethodWorker.run(TestMethodWorker.java:128)
	at java.base/java.util.ArrayList.forEach(ArrayList.java:1511)
	at org.testng.TestRunner.privateRun(TestRunner.java:794)
	at org.testng.TestRunner.run(TestRunner.java:596)
	at org.testng.SuiteRunner.runTest(SuiteRunner.java:377)
	at org.testng.SuiteRunner.runSequentially(SuiteRunner.java:371)
	at org.testng.SuiteRunner.privateRun(SuiteRunner.java:332)
	at org.testng.SuiteRunner.run(SuiteRunner.java:276)
	at org.testng.SuiteRunnerWorker.runSuite(SuiteRunnerWorker.java:53)
	at org.testng.SuiteRunnerWorker.run(SuiteRunnerWorker.java:96)
	at org.testng.TestNG.runSuitesSequentially(TestNG.java:1212)
	at org.testng.TestNG.runSuitesLocally(TestNG.java:1134)
	at org.testng.TestNG.runSuites(TestNG.java:1063)
	at org.testng.TestNG.run(TestNG.java:1031)
	at org.testng.remote.AbstractRemoteTestNG.run(AbstractRemoteTestNG.java:115)
	at org.testng.remote.RemoteTestNG.initAndRun(RemoteTestNG.java:251)
	at org.testng.remote.RemoteTestNG.main(RemoteTestNG.java:77)
</pre></div></td>
<td>0</td>
<td>com.frame.qa.sampleTestcases.StoreLandingPageTest@2b40ff9c</td></tr>
<tr>
<td title='com.frame.qa.sampleTestcases.StoreLandingPageTest.b_SelectEachCatagory()'><b>b_SelectEachCatagory</b><br>Test class: com.frame.qa.sampleTestcases.StoreLandingPageTest</td>
<td><div><pre>java.lang.NullPointerException: Cannot invoke &quot;com.aventstack.extentreports.ExtentTest.assignAuthor(String[])&quot; because &quot;com.frame.qa.sampleTestcases.StoreLandingPageTest.test&quot; is null
	at com.frame.qa.sampleTestcases.StoreLandingPageTest.b_SelectEachCatagory(StoreLandingPageTest.java:79)
	at java.base/java.util.ArrayList.forEach(ArrayList.java:1511)
... Removed 27 stack frames</pre></div><a href='#' onClick='toggleBox("stack-trace161040638", this, "Click to show all stack frames", "Click to hide stack frames")'>Click to show all stack frames</a>
<div class='stack-trace' id='stack-trace161040638'><pre>java.lang.NullPointerException: Cannot invoke &quot;com.aventstack.extentreports.ExtentTest.assignAuthor(String[])&quot; because &quot;com.frame.qa.sampleTestcases.StoreLandingPageTest.test&quot; is null
	at com.frame.qa.sampleTestcases.StoreLandingPageTest.b_SelectEachCatagory(StoreLandingPageTest.java:79)
	at java.base/jdk.internal.reflect.NativeMethodAccessorImpl.invoke0(Native Method)
	at java.base/jdk.internal.reflect.NativeMethodAccessorImpl.invoke(NativeMethodAccessorImpl.java:78)
	at java.base/jdk.internal.reflect.DelegatingMethodAccessorImpl.invoke(DelegatingMethodAccessorImpl.java:43)
	at java.base/java.lang.reflect.Method.invoke(Method.java:567)
	at org.testng.internal.MethodInvocationHelper.invokeMethod(MethodInvocationHelper.java:133)
	at org.testng.internal.TestInvoker.invokeMethod(TestInvoker.java:598)
	at org.testng.internal.TestInvoker.invokeTestMethod(TestInvoker.java:173)
	at org.testng.internal.MethodRunner.runInSequence(MethodRunner.java:46)
	at org.testng.internal.TestInvoker$MethodInvocationAgent.invoke(TestInvoker.java:824)
	at org.testng.internal.TestInvoker.invokeTestMethods(TestInvoker.java:146)
	at org.testng.internal.TestMethodWorker.invokeTestMethods(TestMethodWorker.java:146)
	at org.testng.internal.TestMethodWorker.run(TestMethodWorker.java:128)
	at java.base/java.util.ArrayList.forEach(ArrayList.java:1511)
	at org.testng.TestRunner.privateRun(TestRunner.java:794)
	at org.testng.TestRunner.run(TestRunner.java:596)
	at org.testng.SuiteRunner.runTest(SuiteRunner.java:377)
	at org.testng.SuiteRunner.runSequentially(SuiteRunner.java:371)
	at org.testng.SuiteRunner.privateRun(SuiteRunner.java:332)
	at org.testng.SuiteRunner.run(SuiteRunner.java:276)
	at org.testng.SuiteRunnerWorker.runSuite(SuiteRunnerWorker.java:53)
	at org.testng.SuiteRunnerWorker.run(SuiteRunnerWorker.java:96)
	at org.testng.TestNG.runSuitesSequentially(TestNG.java:1212)
	at org.testng.TestNG.runSuitesLocally(TestNG.java:1134)
	at org.testng.TestNG.runSuites(TestNG.java:1063)
	at org.testng.TestNG.run(TestNG.java:1031)
	at org.testng.remote.AbstractRemoteTestNG.run(AbstractRemoteTestNG.java:115)
	at org.testng.remote.RemoteTestNG.initAndRun(RemoteTestNG.java:251)
	at org.testng.remote.RemoteTestNG.main(RemoteTestNG.java:77)
</pre></div></td>
<td>0</td>
<td>com.frame.qa.sampleTestcases.StoreLandingPageTest@2b40ff9c</td></tr>
</table><p>
<table width='100%' border='1' class='invocation-passed'>
<tr><td colspan='4' align='center'><b>PASSED TESTS</b></td></tr>
<tr><td><b>Test method</b></td>
<td width="30%"><b>Exception</b></td>
<td width="10%"><b>Time (seconds)</b></td>
<td><b>Instance</b></td>
</tr>
<tr>
<td title='com.frame.qa.sampleTestcases.StoreLandingPageTest.b_TestAngularApp()'><b>b_TestAngularApp</b><br>Test class: com.frame.qa.sampleTestcases.StoreLandingPageTest</td>
<td></td>
<td>16</td>
<td>com.frame.qa.sampleTestcases.StoreLandingPageTest@2b40ff9c</td></tr>
<tr>
<td title='com.frame.qa.sampleTestcases.StoreLandingPageTest.c_productCheckout()'><b>c_productCheckout</b><br>Test class: com.frame.qa.sampleTestcases.StoreLandingPageTest</td>
<td></td>
<td>48</td>
<td>com.frame.qa.sampleTestcases.StoreLandingPageTest@2b40ff9c</td></tr>
<tr>
<td title='com.frame.qa.sampleTestcases.StoreLandingPageTest.c_selectLanguange()'><b>c_selectLanguange</b><br>Test class: com.frame.qa.sampleTestcases.StoreLandingPageTest</td>
<td></td>
<td>4</td>
<td>com.frame.qa.sampleTestcases.StoreLandingPageTest@2b40ff9c</td></tr>
<tr>
<td title='com.frame.qa.sampleTestcases.StoreLandingPageTest.b_SearchProduct()'><b>b_SearchProduct</b><br>Test class: com.frame.qa.sampleTestcases.StoreLandingPageTest</td>
<td></td>
<td>12</td>
<td>com.frame.qa.sampleTestcases.StoreLandingPageTest@2b40ff9c</td></tr>
<tr>
<td title='com.frame.qa.sampleTestcases.StoreLandingPageTest.c_SearchProduct()'><b>c_SearchProduct</b><br>Test class: com.frame.qa.sampleTestcases.StoreLandingPageTest</td>
<td></td>
<td>11</td>
<td>com.frame.qa.sampleTestcases.StoreLandingPageTest@2b40ff9c</td></tr>
<tr>
<td title='com.frame.qa.sampleTestcases.StoreLandingPageTest.c_TestAngularApp()'><b>c_TestAngularApp</b><br>Test class: com.frame.qa.sampleTestcases.StoreLandingPageTest</td>
<td></td>
<td>16</td>
<td>com.frame.qa.sampleTestcases.StoreLandingPageTest@2b40ff9c</td></tr>
<tr>
<td title='com.frame.qa.sampleTestcases.StoreLandingPageTest.c_selectWomenCatagory()'><b>c_selectWomenCatagory</b><br>Test class: com.frame.qa.sampleTestcases.StoreLandingPageTest</td>
<td></td>
<td>7</td>
<td>com.frame.qa.sampleTestcases.StoreLandingPageTest@2b40ff9c</td></tr>
<tr>
<td title='com.frame.qa.sampleTestcases.StoreLandingPageTest.b_selectWomenCatagory()'><b>b_selectWomenCatagory</b><br>Test class: com.frame.qa.sampleTestcases.StoreLandingPageTest</td>
<td></td>
<td>9</td>
<td>com.frame.qa.sampleTestcases.StoreLandingPageTest@2b40ff9c</td></tr>
<tr>
<td title='com.frame.qa.sampleTestcases.StoreLandingPageTest.b_selectLanguange()'><b>b_selectLanguange</b><br>Test class: com.frame.qa.sampleTestcases.StoreLandingPageTest</td>
<td></td>
<td>6</td>
<td>com.frame.qa.sampleTestcases.StoreLandingPageTest@2b40ff9c</td></tr>
<tr>
<td title='com.frame.qa.sampleTestcases.StoreLandingPageTest.b_productCheckout()'><b>b_productCheckout</b><br>Test class: com.frame.qa.sampleTestcases.StoreLandingPageTest</td>
<td></td>
<td>52</td>
<td>com.frame.qa.sampleTestcases.StoreLandingPageTest@2b40ff9c</td></tr>
<tr>
<td title='com.frame.qa.sampleTestcases.StoreLandingPageTest.b_launchCatagoryInNewTab()'><b>b_launchCatagoryInNewTab</b><br>Test class: com.frame.qa.sampleTestcases.StoreLandingPageTest</td>
<td></td>
<td>3</td>
<td>com.frame.qa.sampleTestcases.StoreLandingPageTest@2b40ff9c</td></tr>
<tr>
<td title='com.frame.qa.sampleTestcases.StoreLandingPageTest.c_launchCatagoryInNewTab()'><b>c_launchCatagoryInNewTab</b><br>Test class: com.frame.qa.sampleTestcases.StoreLandingPageTest</td>
<td></td>
<td>4</td>
<td>com.frame.qa.sampleTestcases.StoreLandingPageTest@2b40ff9c</td></tr>
</table><p>
</body>
</html>