<?xml version="1.0" encoding="UTF-8"?>
<!-- Generated by org.testng.reporters.JUnitXMLReporter -->
<testsuite ignored="0" hostname="LTILBOM20101350" failures="2" tests="14" name="Chrometest2" time="552.62" errors="0" timestamp="2022-08-22T17:43:14 IST">
  <testcase classname="com.frame.qa.sampleTestcases.StoreLandingPageTest" name="b_selectWomenCatagory" time="9.492"/>
  <testcase classname="com.frame.qa.sampleTestcases.StoreLandingPageTest" name="b_SearchProduct" time="12.59"/>
  <testcase classname="com.frame.qa.sampleTestcases.StoreLandingPageTest" name="b_selectLanguange" time="6.664"/>
  <testcase classname="com.frame.qa.sampleTestcases.StoreLandingPageTest" name="b_launchCatagoryInNewTab" time="3.198"/>
  <testcase classname="com.frame.qa.sampleTestcases.StoreLandingPageTest" name="b_productCheckout" time="52.058"/>
  <testcase classname="com.frame.qa.sampleTestcases.StoreLandingPageTest" name="b_SelectEachCatagory" time="0.0">
    <failure type="java.lang.NullPointerException" message="Cannot invoke &amp;quot;com.aventstack.extentreports.ExtentTest.assignAuthor(String[])&amp;quot; because &amp;quot;com.frame.qa.sampleTestcases.StoreLandingPageTest.test&amp;quot; is null">
      <![CDATA[java.lang.NullPointerException: Cannot invoke "com.aventstack.extentreports.ExtentTest.assignAuthor(String[])" because "com.frame.qa.sampleTestcases.StoreLandingPageTest.test" is null
at com.frame.qa.sampleTestcases.StoreLandingPageTest.b_SelectEachCatagory(StoreLandingPageTest.java:79)
at java.base/java.util.ArrayList.forEach(ArrayList.java:1511)
... Removed 27 stack frames]]>
    </failure>
  </testcase> <!-- b_SelectEachCatagory -->
  <testcase classname="com.frame.qa.sampleTestcases.StoreLandingPageTest" name="b_TestAngularApp" time="16.587"/>
  <testcase classname="com.frame.qa.sampleTestcases.StoreLandingPageTest" name="c_selectWomenCatagory" time="7.431"/>
  <testcase classname="com.frame.qa.sampleTestcases.StoreLandingPageTest" name="c_SearchProduct" time="11.365"/>
  <testcase classname="com.frame.qa.sampleTestcases.StoreLandingPageTest" name="c_selectLanguange" time="4.964"/>
  <testcase classname="com.frame.qa.sampleTestcases.StoreLandingPageTest" name="c_launchCatagoryInNewTab" time="4.995"/>
  <testcase classname="com.frame.qa.sampleTestcases.StoreLandingPageTest" name="c_productCheckout" time="48.594"/>
  <testcase classname="com.frame.qa.sampleTestcases.StoreLandingPageTest" name="c_SelectEachCatagory" time="0.001">
    <failure type="java.lang.NullPointerException" message="Cannot invoke &amp;quot;com.aventstack.extentreports.ExtentTest.assignAuthor(String[])&amp;quot; because &amp;quot;com.frame.qa.sampleTestcases.StoreLandingPageTest.test&amp;quot; is null">
      <![CDATA[java.lang.NullPointerException: Cannot invoke "com.aventstack.extentreports.ExtentTest.assignAuthor(String[])" because "com.frame.qa.sampleTestcases.StoreLandingPageTest.test" is null
at com.frame.qa.sampleTestcases.StoreLandingPageTest.c_SelectEachCatagory(StoreLandingPageTest.java:142)
at java.base/java.util.ArrayList.forEach(ArrayList.java:1511)
... Removed 27 stack frames]]>
    </failure>
  </testcase> <!-- c_SelectEachCatagory -->
  <testcase classname="com.frame.qa.sampleTestcases.StoreLandingPageTest" name="c_TestAngularApp" time="16.677"/>
</testsuite> <!-- Chrometest2 -->
