<?xml version="1.0" encoding="UTF-8"?>
<!-- Generated by org.testng.reporters.JUnitXMLReporter -->
<testsuite ignored="0" hostname="LTILBOM20101350" failures="2" tests="14" name="FirefoxTest2" time="561.069" errors="0" timestamp="2022-08-22T17:06:05 IST">
  <testcase classname="com.frame.qa.sampleTestcases.StoreLandingPageTest" name="b_selectWomenCatagory" time="6.391"/>
  <testcase classname="com.frame.qa.sampleTestcases.StoreLandingPageTest" name="b_SearchProduct" time="10.496"/>
  <testcase classname="com.frame.qa.sampleTestcases.StoreLandingPageTest" name="b_selectLanguange" time="3.807"/>
  <testcase classname="com.frame.qa.sampleTestcases.StoreLandingPageTest" name="b_launchCatagoryInNewTab" time="1.898"/>
  <testcase classname="com.frame.qa.sampleTestcases.StoreLandingPageTest" name="b_productCheckout" time="46.578"/>
  <testcase classname="com.frame.qa.sampleTestcases.StoreLandingPageTest" name="b_SelectEachCatagory" time="0.002">
    <failure type="java.lang.NullPointerException" message="Cannot invoke &amp;quot;com.aventstack.extentreports.ExtentTest.assignAuthor(String[])&amp;quot; because &amp;quot;com.frame.qa.sampleTestcases.StoreLandingPageTest.test&amp;quot; is null">
      <![CDATA[java.lang.NullPointerException: Cannot invoke "com.aventstack.extentreports.ExtentTest.assignAuthor(String[])" because "com.frame.qa.sampleTestcases.StoreLandingPageTest.test" is null
at com.frame.qa.sampleTestcases.StoreLandingPageTest.b_SelectEachCatagory(StoreLandingPageTest.java:79)
at java.base/java.util.ArrayList.forEach(ArrayList.java:1511)
... Removed 27 stack frames]]>
    </failure>
  </testcase> <!-- b_SelectEachCatagory -->
  <testcase classname="com.frame.qa.sampleTestcases.StoreLandingPageTest" name="b_TestAngularApp" time="17.283"/>
  <testcase classname="com.frame.qa.sampleTestcases.StoreLandingPageTest" name="c_selectWomenCatagory" time="5.657"/>
  <testcase classname="com.frame.qa.sampleTestcases.StoreLandingPageTest" name="c_SearchProduct" time="10.54"/>
  <testcase classname="com.frame.qa.sampleTestcases.StoreLandingPageTest" name="c_selectLanguange" time="4.112"/>
  <testcase classname="com.frame.qa.sampleTestcases.StoreLandingPageTest" name="c_launchCatagoryInNewTab" time="2.49"/>
  <testcase classname="com.frame.qa.sampleTestcases.StoreLandingPageTest" name="c_productCheckout" time="45.919"/>
  <testcase classname="com.frame.qa.sampleTestcases.StoreLandingPageTest" name="c_SelectEachCatagory" time="0.001">
    <failure type="java.lang.NullPointerException" message="Cannot invoke &amp;quot;com.aventstack.extentreports.ExtentTest.assignAuthor(String[])&amp;quot; because &amp;quot;com.frame.qa.sampleTestcases.StoreLandingPageTest.test&amp;quot; is null">
      <![CDATA[java.lang.NullPointerException: Cannot invoke "com.aventstack.extentreports.ExtentTest.assignAuthor(String[])" because "com.frame.qa.sampleTestcases.StoreLandingPageTest.test" is null
at com.frame.qa.sampleTestcases.StoreLandingPageTest.c_SelectEachCatagory(StoreLandingPageTest.java:142)
at java.base/java.util.ArrayList.forEach(ArrayList.java:1511)
... Removed 27 stack frames]]>
    </failure>
  </testcase> <!-- c_SelectEachCatagory -->
  <testcase classname="com.frame.qa.sampleTestcases.StoreLandingPageTest" name="c_TestAngularApp" time="17.207"/>
</testsuite> <!-- FirefoxTest2 -->
