<?xml version="1.0" encoding="UTF-8"?>
<!-- Generated by org.testng.reporters.JUnitXMLReporter -->
<testsuite ignored="0" hostname="LTILBOM20101350" failures="2" tests="14" name="FirefoxTest" time="611.877" errors="0" timestamp="2022-08-22T17:34:01 IST">
  <testcase classname="com.frame.qa.base.TestBase" name="@BeforeMethod initialization" time="69.771">
    <failure type="org.openqa.selenium.TimeoutException" message="TimedPromise timed out after 60000 ms
Build info: version: &amp;apos;4.1.3&amp;apos;, revision: &amp;apos;7b1ebf28ef&amp;apos;
System info: host: &amp;apos;LTILBOM20101350&amp;apos;, ip: &amp;apos;172.16.0.215&amp;apos;, os.name: &amp;apos;Windows 10&amp;apos;, os.arch: &amp;apos;amd64&amp;apos;, os.version: &amp;apos;10.0&amp;apos;, java.version: &amp;apos;16.0.1&amp;apos;
Driver info: org.openqa.selenium.remote.RemoteWebDriver
Command: [daf7ff4b-89e8-488c-a8ac-1b43b655bf37, get {url=http://demo-store.seleniumacademy.com/}]
Capabilities {acceptInsecureCerts: false, browserName: firefox, browserVersion: 88.0.1, javascriptEnabled: true, moz:accessibilityChecks: false, moz:buildID: 20210504152106, moz:geckodriverVersion: 0.29.1, moz:headless: false, moz:processID: 984, moz:profile: /tmp/rust_mozprofilejMSjuk, moz:shutdownTimeout: 60000, moz:useNonSpecCompliantPointerOrigin: false, moz:webdriverClick: true, pageLoadStrategy: normal, platform: LINUX, platformName: LINUX, platformVersion: 5.10.16.3-microsoft-standar..., rotatable: false, setWindowRect: true, strictFileInteractability: false, timeouts: {implicit: 0, pageLoad: 300000, script: 30000}, unhandledPromptBehavior: dismiss and notify, webdriver.remote.sessionid: daf7ff4b-89e8-488c-a8ac-1b4..., zal:tz: Asia/Kolkata}
Session ID: daf7ff4b-89e8-488c-a8ac-1b43b655bf37">
      <![CDATA[org.openqa.selenium.TimeoutException: TimedPromise timed out after 60000 ms
Build info: version: '4.1.3', revision: '7b1ebf28ef'
System info: host: 'LTILBOM20101350', ip: '172.16.0.215', os.name: 'Windows 10', os.arch: 'amd64', os.version: '10.0', java.version: '16.0.1'
Driver info: org.openqa.selenium.remote.RemoteWebDriver
Command: [daf7ff4b-89e8-488c-a8ac-1b43b655bf37, get {url=http://demo-store.seleniumacademy.com/}]
Capabilities {acceptInsecureCerts: false, browserName: firefox, browserVersion: 88.0.1, javascriptEnabled: true, moz:accessibilityChecks: false, moz:buildID: 20210504152106, moz:geckodriverVersion: 0.29.1, moz:headless: false, moz:processID: 984, moz:profile: /tmp/rust_mozprofilejMSjuk, moz:shutdownTimeout: 60000, moz:useNonSpecCompliantPointerOrigin: false, moz:webdriverClick: true, pageLoadStrategy: normal, platform: LINUX, platformName: LINUX, platformVersion: 5.10.16.3-microsoft-standar..., rotatable: false, setWindowRect: true, strictFileInteractability: false, timeouts: {implicit: 0, pageLoad: 300000, script: 30000}, unhandledPromptBehavior: dismiss and notify, webdriver.remote.sessionid: daf7ff4b-89e8-488c-a8ac-1b4..., zal:tz: Asia/Kolkata}
Session ID: daf7ff4b-89e8-488c-a8ac-1b43b655bf37
at org.openqa.selenium.remote.codec.w3c.W3CHttpResponseCodec.createException(W3CHttpResponseCodec.java:200)
at org.openqa.selenium.remote.codec.w3c.W3CHttpResponseCodec.decode(W3CHttpResponseCodec.java:133)
at org.openqa.selenium.remote.codec.w3c.W3CHttpResponseCodec.decode(W3CHttpResponseCodec.java:53)
at org.openqa.selenium.remote.HttpCommandExecutor.execute(HttpCommandExecutor.java:184)
at org.openqa.selenium.remote.TracedCommandExecutor.execute(TracedCommandExecutor.java:51)
at org.openqa.selenium.remote.RemoteWebDriver.execute(RemoteWebDriver.java:567)
at org.openqa.selenium.remote.RemoteWebDriver.get(RemoteWebDriver.java:330)
at com.frame.qa.base.TestBase.initialization(TestBase.java:105)
at java.base/java.util.ArrayList.forEach(ArrayList.java:1511)
... Removed 35 stack frames]]>
    </failure>
  </testcase> <!-- @BeforeMethod initialization -->
  <testcase classname="com.frame.qa.sampleTestcases.StoreHomePageTest" name="@BeforeMethod setUp" time="-1.661169765471E9">
    <skipped/>
  </testcase> <!-- @BeforeMethod setUp -->
  <testcase classname="com.frame.qa.base.TestBase" name="@AfterMethod tearDown" time="-1.661169765475E9">
    <skipped/>
  </testcase> <!-- @AfterMethod tearDown -->
  <testcase classname="com.frame.qa.sampleTestcases.StoreHomePageTest" name="@BeforeMethod setUp" time="-1.661169805221E9">
    <skipped/>
  </testcase> <!-- @BeforeMethod setUp -->
  <testcase classname="com.frame.qa.base.TestBase" name="@AfterMethod tearDown" time="-1.661169805224E9">
    <skipped/>
  </testcase> <!-- @AfterMethod tearDown -->
  <testcase classname="com.frame.qa.sampleTestcases.StoreHomePageTest" name="@BeforeMethod setUp" time="-1.661169841487E9">
    <skipped/>
  </testcase> <!-- @BeforeMethod setUp -->
  <testcase classname="com.frame.qa.base.TestBase" name="@AfterMethod tearDown" time="-1.661169841504E9">
    <skipped/>
  </testcase> <!-- @AfterMethod tearDown -->
  <testcase classname="com.frame.qa.sampleTestcases.StoreHomePageTest" name="selectWomenCatagory" time="6.462"/>
  <testcase classname="com.frame.qa.sampleTestcases.StoreHomePageTest" name="SearchProduct" time="10.093"/>
  <testcase classname="com.frame.qa.sampleTestcases.StoreHomePageTest" name="selectLanguange" time="3.648"/>
  <testcase classname="com.frame.qa.sampleTestcases.StoreHomePageTest" name="launchCatagoryInNewTab" time="3.677"/>
  <testcase classname="com.frame.qa.sampleTestcases.StoreHomePageTest" name="productCheckout" time="3.108">
    <failure type="org.openqa.selenium.StaleElementReferenceException" message="The element reference of &amp;lt;a class=&amp;quot;product-image&amp;quot; href=&amp;quot;http://demo-store.seleniumacademy.com/elizabeth-knit-top-593.html&amp;quot;&amp;gt; is stale; either the element is no longer attached to the DOM, it is not in the current frame context, or the document has been refreshed
For documentation on this error, please visit: https://selenium.dev/exceptions/#stale_element_reference
Build info: version: &amp;apos;4.1.3&amp;apos;, revision: &amp;apos;7b1ebf28ef&amp;apos;
System info: host: &amp;apos;LTILBOM20101350&amp;apos;, ip: &amp;apos;172.16.0.215&amp;apos;, os.name: &amp;apos;Windows 10&amp;apos;, os.arch: &amp;apos;amd64&amp;apos;, os.version: &amp;apos;10.0&amp;apos;, java.version: &amp;apos;16.0.1&amp;apos;
Driver info: org.openqa.selenium.remote.RemoteWebDriver
Command: [b044fc84-553a-4ae0-95e3-28d1e251c635, getElementAttribute {id=f6d51ced-de96-4c40-a5bd-cf5b10507d7a, name=title}]
Capabilities {acceptInsecureCerts: false, browserName: firefox, browserVersion: 88.0.1, javascriptEnabled: true, moz:accessibilityChecks: false, moz:buildID: 20210504152106, moz:geckodriverVersion: 0.29.1, moz:headless: false, moz:processID: 632, moz:profile: /tmp/rust_mozprofileaKldT8, moz:shutdownTimeout: 60000, moz:useNonSpecCompliantPointerOrigin: false, moz:webdriverClick: true, pageLoadStrategy: normal, platform: LINUX, platformName: LINUX, platformVersion: 5.10.16.3-microsoft-standar..., rotatable: false, setWindowRect: true, strictFileInteractability: false, timeouts: {implicit: 0, pageLoad: 300000, script: 30000}, unhandledPromptBehavior: dismiss and notify, webdriver.remote.sessionid: b044fc84-553a-4ae0-95e3-28d..., zal:tz: Asia/Kolkata}
Element: [[RemoteWebDriver: firefox on LINUX (b044fc84-553a-4ae0-95e3-28d1e251c635)] -&amp;gt; xpath: //li[@class=&amp;apos;item last&amp;apos;]//a]
Session ID: b044fc84-553a-4ae0-95e3-28d1e251c635">
      <![CDATA[org.openqa.selenium.StaleElementReferenceException: The element reference of <a class="product-image" href="http://demo-store.seleniumacademy.com/elizabeth-knit-top-593.html"> is stale; either the element is no longer attached to the DOM, it is not in the current frame context, or the document has been refreshed
For documentation on this error, please visit: https://selenium.dev/exceptions/#stale_element_reference
Build info: version: '4.1.3', revision: '7b1ebf28ef'
System info: host: 'LTILBOM20101350', ip: '172.16.0.215', os.name: 'Windows 10', os.arch: 'amd64', os.version: '10.0', java.version: '16.0.1'
Driver info: org.openqa.selenium.remote.RemoteWebDriver
Command: [b044fc84-553a-4ae0-95e3-28d1e251c635, getElementAttribute {id=f6d51ced-de96-4c40-a5bd-cf5b10507d7a, name=title}]
Capabilities {acceptInsecureCerts: false, browserName: firefox, browserVersion: 88.0.1, javascriptEnabled: true, moz:accessibilityChecks: false, moz:buildID: 20210504152106, moz:geckodriverVersion: 0.29.1, moz:headless: false, moz:processID: 632, moz:profile: /tmp/rust_mozprofileaKldT8, moz:shutdownTimeout: 60000, moz:useNonSpecCompliantPointerOrigin: false, moz:webdriverClick: true, pageLoadStrategy: normal, platform: LINUX, platformName: LINUX, platformVersion: 5.10.16.3-microsoft-standar..., rotatable: false, setWindowRect: true, strictFileInteractability: false, timeouts: {implicit: 0, pageLoad: 300000, script: 30000}, unhandledPromptBehavior: dismiss and notify, webdriver.remote.sessionid: b044fc84-553a-4ae0-95e3-28d..., zal:tz: Asia/Kolkata}
Element: [[RemoteWebDriver: firefox on LINUX (b044fc84-553a-4ae0-95e3-28d1e251c635)] -> xpath: //li[@class='item last']//a]
Session ID: b044fc84-553a-4ae0-95e3-28d1e251c635
at org.openqa.selenium.remote.codec.w3c.W3CHttpResponseCodec.createException(W3CHttpResponseCodec.java:200)
at org.openqa.selenium.remote.codec.w3c.W3CHttpResponseCodec.decode(W3CHttpResponseCodec.java:133)
at org.openqa.selenium.remote.codec.w3c.W3CHttpResponseCodec.decode(W3CHttpResponseCodec.java:53)
at org.openqa.selenium.remote.HttpCommandExecutor.execute(HttpCommandExecutor.java:184)
at org.openqa.selenium.remote.TracedCommandExecutor.execute(TracedCommandExecutor.java:51)
at org.openqa.selenium.remote.RemoteWebDriver.execute(RemoteWebDriver.java:567)
at org.openqa.selenium.remote.RemoteWebElement.execute(RemoteWebElement.java:251)
at org.openqa.selenium.remote.RemoteWebElement.getAttribute(RemoteWebElement.java:152)
at org.openqa.selenium.support.pagefactory.internal.LocatingElementHandler.invoke(LocatingElementHandler.java:52)
at jdk.proxy2/jdk.proxy2.$Proxy35.getAttribute(Unknown Source)
at com.frame.qa.wrappers.BaseMethod.getAttribute(BaseMethod.java:444)
at com.frame.qa.webpages.BooksAndMusicPage.selectAndAddToCartProduct(BooksAndMusicPage.java:36)
at com.frame.qa.sampleTestcases.StoreHomePageTest.productCheckout(StoreHomePageTest.java:75)
at java.base/java.util.ArrayList.forEach(ArrayList.java:1511)
... Removed 36 stack frames]]>
    </failure>
  </testcase> <!-- productCheckout -->
  <testcase classname="com.frame.qa.sampleTestcases.StoreHomePageTest" name="SelectEachCatagory" time="0.002">
    <failure type="java.lang.NullPointerException" message="Cannot invoke &amp;quot;com.aventstack.extentreports.ExtentTest.assignAuthor(String[])&amp;quot; because &amp;quot;com.frame.qa.sampleTestcases.StoreHomePageTest.test&amp;quot; is null">
      <![CDATA[java.lang.NullPointerException: Cannot invoke "com.aventstack.extentreports.ExtentTest.assignAuthor(String[])" because "com.frame.qa.sampleTestcases.StoreHomePageTest.test" is null
at com.frame.qa.sampleTestcases.StoreHomePageTest.SelectEachCatagory(StoreHomePageTest.java:85)
at java.base/java.util.ArrayList.forEach(ArrayList.java:1511)
... Removed 27 stack frames]]>
    </failure>
  </testcase> <!-- SelectEachCatagory -->
  <testcase classname="com.frame.qa.sampleTestcases.StoreHomePageTest" name="TestAngularApp" time="17.526"/>
  <testcase classname="com.frame.qa.sampleTestcases.StoreHomePageTest" name="a_selectWomenCatagory" time="6.025"/>
  <testcase classname="com.frame.qa.sampleTestcases.StoreHomePageTest" name="a_SearchProduct" time="10.283"/>
  <testcase classname="com.frame.qa.sampleTestcases.StoreHomePageTest" name="a_selectLanguange" time="8.984"/>
  <testcase classname="com.frame.qa.sampleTestcases.StoreHomePageTest" name="a_launchCatagoryInNewTab" time="12.801"/>
  <testcase classname="com.frame.qa.sampleTestcases.StoreHomePageTest" name="a_productCheckout" time="0.0">
    <skipped/>
  </testcase> <!-- a_productCheckout -->
  <testcase classname="com.frame.qa.sampleTestcases.StoreHomePageTest" name="a_SelectEachCatagory" time="0.0">
    <skipped/>
  </testcase> <!-- a_SelectEachCatagory -->
  <testcase classname="com.frame.qa.sampleTestcases.StoreHomePageTest" name="a_TestAngularApp" time="0.0">
    <skipped/>
  </testcase> <!-- a_TestAngularApp -->
</testsuite> <!-- FirefoxTest -->
