<?xml version="1.0" encoding="UTF-8"?>
<!-- Generated by org.testng.reporters.JUnitXMLReporter -->
<testsuite hostname="LTILBOM20405810" ignored="0" name="HBSOTest" tests="6" failures="5" timestamp="2023-04-06T20:06:42 IST" time="939.719" errors="0">
  <testcase name="videoPlayValidationTest" time="127.07" classname="com.frame.qa.sampleTestcases.HBSOWeb_Test">
    <failure type="org.openqa.selenium.ElementClickInterceptedException" message="element click intercepted: Element &amp;lt;iframe id=&amp;quot;video-embed-1_ifp&amp;quot; scrolling=&amp;quot;no&amp;quot; name=&amp;quot;video-embed-1_ifp&amp;quot; class=&amp;quot;mwEmbedKalturaIframe&amp;quot; title=&amp;quot;Video Player&amp;quot; frameborder=&amp;quot;0&amp;quot; allowfullscreen=&amp;quot;true&amp;quot; webkitallowfullscreen=&amp;quot;true&amp;quot; mozallowfullscreen=&amp;quot;true&amp;quot; allow=&amp;quot;autoplay *; fullscreen *; encrypted-media *&amp;quot; style=&amp;quot;border: 0px; max-width: 100%; max-height: 100%; width: 100%; height: 100%;&amp;quot; cd_frame_id_=&amp;quot;df290f1e9e890a07001b964337a3ed99&amp;quot;&amp;gt;&amp;lt;/iframe&amp;gt; is not clickable at point (1532, 466). Other element would receive the click: &amp;lt;div class=&amp;quot;bx-slab&amp;quot;&amp;gt;...&amp;lt;/div&amp;gt;
  (Session info: chrome=91.0.4472.77)
Build info: version: &amp;apos;4.8.1&amp;apos;, revision: &amp;apos;8ebccac989&amp;apos;
System info: os.name: &amp;apos;Mac OS X&amp;apos;, os.arch: &amp;apos;x86_64&amp;apos;, os.version: &amp;apos;10.16&amp;apos;, java.version: &amp;apos;1.8.0_352&amp;apos;
Driver info: org.openqa.selenium.remote.RemoteWebDriver
Command: [d9590d43e265cf96b809e7494f5f94c9, clickElement {id=7a91d1e0-6bfa-4f1f-a49e-04dcca83039a}]
Capabilities {acceptInsecureCerts: true, browserName: chrome, browserVersion: 91.0.4472.77, chrome: {chromedriverVersion: 91.0.4472.19 (1bf021f248676..., userDataDir: /tmp/.com.google.Chrome.swKCnb}, goog:chromeOptions: {debuggerAddress: localhost:37255}, networkConnectionEnabled: false, pageLoadStrategy: none, platformName: LINUX, proxy: Proxy(), setWindowRect: true, strictFileInteractability: false, timeouts: {implicit: 0, pageLoad: 300000, script: 30000}, unhandledPromptBehavior: dismiss and notify, webauthn:extension:largeBlob: true, webauthn:virtualAuthenticators: true, webdriver.remote.sessionid: d9590d43e265cf96b809e7494f5...}
Element: [[[[RemoteWebDriver: chrome on LINUX (d9590d43e265cf96b809e7494f5f94c9)] -&amp;gt; css selector: .controlsContainer]] -&amp;gt; css selector: .btn.icon-expand.comp]
Session ID: d9590d43e265cf96b809e7494f5f94c9">
      <![CDATA[org.openqa.selenium.ElementClickInterceptedException: element click intercepted: Element <iframe id="video-embed-1_ifp" scrolling="no" name="video-embed-1_ifp" class="mwEmbedKalturaIframe" title="Video Player" frameborder="0" allowfullscreen="true" webkitallowfullscreen="true" mozallowfullscreen="true" allow="autoplay *; fullscreen *; encrypted-media *" style="border: 0px; max-width: 100%; max-height: 100%; width: 100%; height: 100%;" cd_frame_id_="df290f1e9e890a07001b964337a3ed99"></iframe> is not clickable at point (1532, 466). Other element would receive the click: <div class="bx-slab">...</div>
  (Session info: chrome=91.0.4472.77)
Build info: version: '4.8.1', revision: '8ebccac989'
System info: os.name: 'Mac OS X', os.arch: 'x86_64', os.version: '10.16', java.version: '1.8.0_352'
Driver info: org.openqa.selenium.remote.RemoteWebDriver
Command: [d9590d43e265cf96b809e7494f5f94c9, clickElement {id=7a91d1e0-6bfa-4f1f-a49e-04dcca83039a}]
Capabilities {acceptInsecureCerts: true, browserName: chrome, browserVersion: 91.0.4472.77, chrome: {chromedriverVersion: 91.0.4472.19 (1bf021f248676..., userDataDir: /tmp/.com.google.Chrome.swKCnb}, goog:chromeOptions: {debuggerAddress: localhost:37255}, networkConnectionEnabled: false, pageLoadStrategy: none, platformName: LINUX, proxy: Proxy(), setWindowRect: true, strictFileInteractability: false, timeouts: {implicit: 0, pageLoad: 300000, script: 30000}, unhandledPromptBehavior: dismiss and notify, webauthn:extension:largeBlob: true, webauthn:virtualAuthenticators: true, webdriver.remote.sessionid: d9590d43e265cf96b809e7494f5...}
Element: [[[[RemoteWebDriver: chrome on LINUX (d9590d43e265cf96b809e7494f5f94c9)] -> css selector: .controlsContainer]] -> css selector: .btn.icon-expand.comp]
Session ID: d9590d43e265cf96b809e7494f5f94c9
at org.openqa.selenium.remote.codec.w3c.W3CHttpResponseCodec.createException(W3CHttpResponseCodec.java:200)
at org.openqa.selenium.remote.codec.w3c.W3CHttpResponseCodec.decode(W3CHttpResponseCodec.java:133)
at org.openqa.selenium.remote.codec.w3c.W3CHttpResponseCodec.decode(W3CHttpResponseCodec.java:53)
at org.openqa.selenium.remote.HttpCommandExecutor.execute(HttpCommandExecutor.java:184)
at org.openqa.selenium.remote.TracedCommandExecutor.execute(TracedCommandExecutor.java:51)
at org.openqa.selenium.remote.RemoteWebDriver.execute(RemoteWebDriver.java:543)
at org.openqa.selenium.remote.RemoteWebElement.execute(RemoteWebElement.java:257)
at org.openqa.selenium.remote.RemoteWebElement.click(RemoteWebElement.java:78)
at com.frame.qa.webpages.HBSO_Page.videoPlayValidation(HBSO_Page.java:879)
at com.frame.qa.sampleTestcases.HBSOWeb_Test.videoPlayValidationTest(HBSOWeb_Test.java:34)
at java.util.concurrent.ThreadPoolExecutor.runWorker(ThreadPoolExecutor.java:1149)
at java.util.concurrent.ThreadPoolExecutor$Worker.run(ThreadPoolExecutor.java:624)
at java.lang.Thread.run(Thread.java:750)
... Removed 16 stack frames]]>
    </failure>
  </testcase> <!-- videoPlayValidationTest -->
  <testcase name="courseDetailsTest" time="236.736" classname="com.frame.qa.sampleTestcases.HBSOWeb_Test">
    <failure type="org.openqa.selenium.NoSuchElementException" message="no such element: Unable to locate element: {&amp;quot;method&amp;quot;:&amp;quot;xpath&amp;quot;,&amp;quot;selector&amp;quot;:&amp;quot;//a[text()=&amp;apos;Explore All Courses&amp;apos;]&amp;quot;}
  (Session info: chrome=91.0.4472.77)
For documentation on this error, please visit: https://selenium.dev/exceptions/#no_such_element
Build info: version: &amp;apos;4.8.1&amp;apos;, revision: &amp;apos;8ebccac989&amp;apos;
System info: os.name: &amp;apos;Mac OS X&amp;apos;, os.arch: &amp;apos;x86_64&amp;apos;, os.version: &amp;apos;10.16&amp;apos;, java.version: &amp;apos;1.8.0_352&amp;apos;
Driver info: org.openqa.selenium.remote.RemoteWebDriver
Command: [d9590d43e265cf96b809e7494f5f94c9, findElement {using=xpath, value=//a[text()=&amp;apos;Explore All Courses&amp;apos;]}]
Capabilities {acceptInsecureCerts: true, browserName: chrome, browserVersion: 91.0.4472.77, chrome: {chromedriverVersion: 91.0.4472.19 (1bf021f248676..., userDataDir: /tmp/.com.google.Chrome.swKCnb}, goog:chromeOptions: {debuggerAddress: localhost:37255}, networkConnectionEnabled: false, pageLoadStrategy: none, platformName: LINUX, proxy: Proxy(), setWindowRect: true, strictFileInteractability: false, timeouts: {implicit: 0, pageLoad: 300000, script: 30000}, unhandledPromptBehavior: dismiss and notify, webauthn:extension:largeBlob: true, webauthn:virtualAuthenticators: true, webdriver.remote.sessionid: d9590d43e265cf96b809e7494f5...}
Session ID: d9590d43e265cf96b809e7494f5f94c9">
      <![CDATA[org.openqa.selenium.NoSuchElementException: no such element: Unable to locate element: {"method":"xpath","selector":"//a[text()='Explore All Courses']"}
  (Session info: chrome=91.0.4472.77)
For documentation on this error, please visit: https://selenium.dev/exceptions/#no_such_element
Build info: version: '4.8.1', revision: '8ebccac989'
System info: os.name: 'Mac OS X', os.arch: 'x86_64', os.version: '10.16', java.version: '1.8.0_352'
Driver info: org.openqa.selenium.remote.RemoteWebDriver
Command: [d9590d43e265cf96b809e7494f5f94c9, findElement {using=xpath, value=//a[text()='Explore All Courses']}]
Capabilities {acceptInsecureCerts: true, browserName: chrome, browserVersion: 91.0.4472.77, chrome: {chromedriverVersion: 91.0.4472.19 (1bf021f248676..., userDataDir: /tmp/.com.google.Chrome.swKCnb}, goog:chromeOptions: {debuggerAddress: localhost:37255}, networkConnectionEnabled: false, pageLoadStrategy: none, platformName: LINUX, proxy: Proxy(), setWindowRect: true, strictFileInteractability: false, timeouts: {implicit: 0, pageLoad: 300000, script: 30000}, unhandledPromptBehavior: dismiss and notify, webauthn:extension:largeBlob: true, webauthn:virtualAuthenticators: true, webdriver.remote.sessionid: d9590d43e265cf96b809e7494f5...}
Session ID: d9590d43e265cf96b809e7494f5f94c9
at org.openqa.selenium.remote.codec.w3c.W3CHttpResponseCodec.createException(W3CHttpResponseCodec.java:200)
at org.openqa.selenium.remote.codec.w3c.W3CHttpResponseCodec.decode(W3CHttpResponseCodec.java:133)
at org.openqa.selenium.remote.codec.w3c.W3CHttpResponseCodec.decode(W3CHttpResponseCodec.java:53)
at org.openqa.selenium.remote.HttpCommandExecutor.execute(HttpCommandExecutor.java:184)
at org.openqa.selenium.remote.TracedCommandExecutor.execute(TracedCommandExecutor.java:51)
at org.openqa.selenium.remote.RemoteWebDriver.execute(RemoteWebDriver.java:543)
at org.openqa.selenium.remote.ElementLocation$ElementFinder$2.findElement(ElementLocation.java:162)
at org.openqa.selenium.remote.ElementLocation.findElement(ElementLocation.java:60)
at org.openqa.selenium.remote.RemoteWebDriver.findElement(RemoteWebDriver.java:352)
at org.openqa.selenium.remote.RemoteWebDriver.findElement(RemoteWebDriver.java:344)
at org.openqa.selenium.support.pagefactory.DefaultElementLocator.findElement(DefaultElementLocator.java:70)
at org.openqa.selenium.support.pagefactory.internal.LocatingElementHandler.invoke(LocatingElementHandler.java:39)
at com.sun.proxy.$Proxy34.getWrappedElement(Unknown Source)
at org.openqa.selenium.remote.internal.WebElementToJsonConverter.apply(WebElementToJsonConverter.java:51)
at java.util.stream.ReferencePipeline$3$1.accept(ReferencePipeline.java:193)
at java.util.Spliterators$ArraySpliterator.forEachRemaining(Spliterators.java:948)
at java.util.stream.AbstractPipeline.copyInto(AbstractPipeline.java:482)
at java.util.stream.AbstractPipeline.wrapAndCopyInto(AbstractPipeline.java:472)
at java.util.stream.ReduceOps$ReduceOp.evaluateSequential(ReduceOps.java:708)
at java.util.stream.AbstractPipeline.evaluate(AbstractPipeline.java:234)
at java.util.stream.ReferencePipeline.collect(ReferencePipeline.java:566)
at org.openqa.selenium.remote.RemoteWebDriver.executeScript(RemoteWebDriver.java:477)
at com.frame.qa.wrappers.BaseMethod.JSclick(BaseMethod.java:355)
at com.frame.qa.webpages.HBSO_Page.checkCourseDetails(HBSO_Page.java:787)
at com.frame.qa.sampleTestcases.HBSOWeb_Test.courseDetailsTest(HBSOWeb_Test.java:27)
at java.util.concurrent.ThreadPoolExecutor.runWorker(ThreadPoolExecutor.java:1149)
at java.util.concurrent.ThreadPoolExecutor$Worker.run(ThreadPoolExecutor.java:624)
at java.lang.Thread.run(Thread.java:750)
... Removed 16 stack frames]]>
    </failure>
  </testcase> <!-- courseDetailsTest -->
  <testcase name="videoPlayValidationTest1" time="343.97" classname="com.frame.qa.sampleTestcases.HBSOWeb_Test">
    <failure type="org.openqa.selenium.NoSuchElementException" message="no such element: Unable to locate element: {&amp;quot;method&amp;quot;:&amp;quot;css selector&amp;quot;,&amp;quot;selector&amp;quot;:&amp;quot;#skipto\-main&amp;quot;}
  (Session info: chrome=91.0.4472.77)
For documentation on this error, please visit: https://selenium.dev/exceptions/#no_such_element
Build info: version: &amp;apos;4.8.1&amp;apos;, revision: &amp;apos;8ebccac989&amp;apos;
System info: os.name: &amp;apos;Mac OS X&amp;apos;, os.arch: &amp;apos;x86_64&amp;apos;, os.version: &amp;apos;10.16&amp;apos;, java.version: &amp;apos;1.8.0_352&amp;apos;
Driver info: org.openqa.selenium.remote.RemoteWebDriver
Command: [d9590d43e265cf96b809e7494f5f94c9, findElement {using=id, value=skipto-main}]
Capabilities {acceptInsecureCerts: true, browserName: chrome, browserVersion: 91.0.4472.77, chrome: {chromedriverVersion: 91.0.4472.19 (1bf021f248676..., userDataDir: /tmp/.com.google.Chrome.swKCnb}, goog:chromeOptions: {debuggerAddress: localhost:37255}, networkConnectionEnabled: false, pageLoadStrategy: none, platformName: LINUX, proxy: Proxy(), setWindowRect: true, strictFileInteractability: false, timeouts: {implicit: 0, pageLoad: 300000, script: 30000}, unhandledPromptBehavior: dismiss and notify, webauthn:extension:largeBlob: true, webauthn:virtualAuthenticators: true, webdriver.remote.sessionid: d9590d43e265cf96b809e7494f5...}
Session ID: d9590d43e265cf96b809e7494f5f94c9">
      <![CDATA[org.openqa.selenium.NoSuchElementException: no such element: Unable to locate element: {"method":"css selector","selector":"#skipto\-main"}
  (Session info: chrome=91.0.4472.77)
For documentation on this error, please visit: https://selenium.dev/exceptions/#no_such_element
Build info: version: '4.8.1', revision: '8ebccac989'
System info: os.name: 'Mac OS X', os.arch: 'x86_64', os.version: '10.16', java.version: '1.8.0_352'
Driver info: org.openqa.selenium.remote.RemoteWebDriver
Command: [d9590d43e265cf96b809e7494f5f94c9, findElement {using=id, value=skipto-main}]
Capabilities {acceptInsecureCerts: true, browserName: chrome, browserVersion: 91.0.4472.77, chrome: {chromedriverVersion: 91.0.4472.19 (1bf021f248676..., userDataDir: /tmp/.com.google.Chrome.swKCnb}, goog:chromeOptions: {debuggerAddress: localhost:37255}, networkConnectionEnabled: false, pageLoadStrategy: none, platformName: LINUX, proxy: Proxy(), setWindowRect: true, strictFileInteractability: false, timeouts: {implicit: 0, pageLoad: 300000, script: 30000}, unhandledPromptBehavior: dismiss and notify, webauthn:extension:largeBlob: true, webauthn:virtualAuthenticators: true, webdriver.remote.sessionid: d9590d43e265cf96b809e7494f5...}
Session ID: d9590d43e265cf96b809e7494f5f94c9
at org.openqa.selenium.remote.codec.w3c.W3CHttpResponseCodec.createException(W3CHttpResponseCodec.java:200)
at org.openqa.selenium.remote.codec.w3c.W3CHttpResponseCodec.decode(W3CHttpResponseCodec.java:133)
at org.openqa.selenium.remote.codec.w3c.W3CHttpResponseCodec.decode(W3CHttpResponseCodec.java:53)
at org.openqa.selenium.remote.HttpCommandExecutor.execute(HttpCommandExecutor.java:184)
at org.openqa.selenium.remote.TracedCommandExecutor.execute(TracedCommandExecutor.java:51)
at org.openqa.selenium.remote.RemoteWebDriver.execute(RemoteWebDriver.java:543)
at org.openqa.selenium.remote.ElementLocation$ElementFinder$2.findElement(ElementLocation.java:162)
at org.openqa.selenium.remote.ElementLocation.findElement(ElementLocation.java:60)
at org.openqa.selenium.remote.RemoteWebDriver.findElement(RemoteWebDriver.java:352)
at org.openqa.selenium.remote.RemoteWebDriver.findElement(RemoteWebDriver.java:344)
at com.frame.qa.webpages.HBSO_Page.videoPlayValidation1(HBSO_Page.java:206)
at com.frame.qa.sampleTestcases.HBSOWeb_Test.videoPlayValidationTest1(HBSOWeb_Test.java:62)
at java.util.concurrent.ThreadPoolExecutor.runWorker(ThreadPoolExecutor.java:1149)
at java.util.concurrent.ThreadPoolExecutor$Worker.run(ThreadPoolExecutor.java:624)
at java.lang.Thread.run(Thread.java:750)
... Removed 15 stack frames]]>
    </failure>
  </testcase> <!-- videoPlayValidationTest1 -->
  <testcase name="courseDetailsTest1" time="455.984" classname="com.frame.qa.sampleTestcases.HBSOWeb_Test">
    <failure type="org.openqa.selenium.NoSuchElementException" message="no such element: Unable to locate element: {&amp;quot;method&amp;quot;:&amp;quot;xpath&amp;quot;,&amp;quot;selector&amp;quot;:&amp;quot;//a[text()=&amp;apos;Explore All Courses&amp;apos;]&amp;quot;}
  (Session info: chrome=91.0.4472.77)
For documentation on this error, please visit: https://selenium.dev/exceptions/#no_such_element
Build info: version: &amp;apos;4.8.1&amp;apos;, revision: &amp;apos;8ebccac989&amp;apos;
System info: os.name: &amp;apos;Mac OS X&amp;apos;, os.arch: &amp;apos;x86_64&amp;apos;, os.version: &amp;apos;10.16&amp;apos;, java.version: &amp;apos;1.8.0_352&amp;apos;
Driver info: org.openqa.selenium.remote.RemoteWebDriver
Command: [d9590d43e265cf96b809e7494f5f94c9, findElement {using=xpath, value=//a[text()=&amp;apos;Explore All Courses&amp;apos;]}]
Capabilities {acceptInsecureCerts: true, browserName: chrome, browserVersion: 91.0.4472.77, chrome: {chromedriverVersion: 91.0.4472.19 (1bf021f248676..., userDataDir: /tmp/.com.google.Chrome.swKCnb}, goog:chromeOptions: {debuggerAddress: localhost:37255}, networkConnectionEnabled: false, pageLoadStrategy: none, platformName: LINUX, proxy: Proxy(), setWindowRect: true, strictFileInteractability: false, timeouts: {implicit: 0, pageLoad: 300000, script: 30000}, unhandledPromptBehavior: dismiss and notify, webauthn:extension:largeBlob: true, webauthn:virtualAuthenticators: true, webdriver.remote.sessionid: d9590d43e265cf96b809e7494f5...}
Session ID: d9590d43e265cf96b809e7494f5f94c9">
      <![CDATA[org.openqa.selenium.NoSuchElementException: no such element: Unable to locate element: {"method":"xpath","selector":"//a[text()='Explore All Courses']"}
  (Session info: chrome=91.0.4472.77)
For documentation on this error, please visit: https://selenium.dev/exceptions/#no_such_element
Build info: version: '4.8.1', revision: '8ebccac989'
System info: os.name: 'Mac OS X', os.arch: 'x86_64', os.version: '10.16', java.version: '1.8.0_352'
Driver info: org.openqa.selenium.remote.RemoteWebDriver
Command: [d9590d43e265cf96b809e7494f5f94c9, findElement {using=xpath, value=//a[text()='Explore All Courses']}]
Capabilities {acceptInsecureCerts: true, browserName: chrome, browserVersion: 91.0.4472.77, chrome: {chromedriverVersion: 91.0.4472.19 (1bf021f248676..., userDataDir: /tmp/.com.google.Chrome.swKCnb}, goog:chromeOptions: {debuggerAddress: localhost:37255}, networkConnectionEnabled: false, pageLoadStrategy: none, platformName: LINUX, proxy: Proxy(), setWindowRect: true, strictFileInteractability: false, timeouts: {implicit: 0, pageLoad: 300000, script: 30000}, unhandledPromptBehavior: dismiss and notify, webauthn:extension:largeBlob: true, webauthn:virtualAuthenticators: true, webdriver.remote.sessionid: d9590d43e265cf96b809e7494f5...}
Session ID: d9590d43e265cf96b809e7494f5f94c9
at org.openqa.selenium.remote.codec.w3c.W3CHttpResponseCodec.createException(W3CHttpResponseCodec.java:200)
at org.openqa.selenium.remote.codec.w3c.W3CHttpResponseCodec.decode(W3CHttpResponseCodec.java:133)
at org.openqa.selenium.remote.codec.w3c.W3CHttpResponseCodec.decode(W3CHttpResponseCodec.java:53)
at org.openqa.selenium.remote.HttpCommandExecutor.execute(HttpCommandExecutor.java:184)
at org.openqa.selenium.remote.TracedCommandExecutor.execute(TracedCommandExecutor.java:51)
at org.openqa.selenium.remote.RemoteWebDriver.execute(RemoteWebDriver.java:543)
at org.openqa.selenium.remote.ElementLocation$ElementFinder$2.findElement(ElementLocation.java:162)
at org.openqa.selenium.remote.ElementLocation.findElement(ElementLocation.java:60)
at org.openqa.selenium.remote.RemoteWebDriver.findElement(RemoteWebDriver.java:352)
at org.openqa.selenium.remote.RemoteWebDriver.findElement(RemoteWebDriver.java:344)
at org.openqa.selenium.support.pagefactory.DefaultElementLocator.findElement(DefaultElementLocator.java:70)
at org.openqa.selenium.support.pagefactory.internal.LocatingElementHandler.invoke(LocatingElementHandler.java:39)
at com.sun.proxy.$Proxy34.getWrappedElement(Unknown Source)
at org.openqa.selenium.remote.internal.WebElementToJsonConverter.apply(WebElementToJsonConverter.java:51)
at java.util.stream.ReferencePipeline$3$1.accept(ReferencePipeline.java:193)
at java.util.Spliterators$ArraySpliterator.forEachRemaining(Spliterators.java:948)
at java.util.stream.AbstractPipeline.copyInto(AbstractPipeline.java:482)
at java.util.stream.AbstractPipeline.wrapAndCopyInto(AbstractPipeline.java:472)
at java.util.stream.ReduceOps$ReduceOp.evaluateSequential(ReduceOps.java:708)
at java.util.stream.AbstractPipeline.evaluate(AbstractPipeline.java:234)
at java.util.stream.ReferencePipeline.collect(ReferencePipeline.java:566)
at org.openqa.selenium.remote.RemoteWebDriver.executeScript(RemoteWebDriver.java:477)
at com.frame.qa.wrappers.BaseMethod.JSclick(BaseMethod.java:355)
at com.frame.qa.webpages.HBSO_Page.checkCourseDetails1(HBSO_Page.java:173)
at com.frame.qa.sampleTestcases.HBSOWeb_Test.courseDetailsTest1(HBSOWeb_Test.java:55)
at java.util.concurrent.ThreadPoolExecutor.runWorker(ThreadPoolExecutor.java:1149)
at java.util.concurrent.ThreadPoolExecutor$Worker.run(ThreadPoolExecutor.java:624)
at java.lang.Thread.run(Thread.java:750)
... Removed 15 stack frames]]>
    </failure>
  </testcase> <!-- courseDetailsTest1 -->
  <testcase name="chatBotTest" time="560.362" classname="com.frame.qa.sampleTestcases.HBSOWeb_Test">
    <failure type="org.openqa.selenium.NoSuchElementException" message="no such element: Unable to locate element: {&amp;quot;method&amp;quot;:&amp;quot;xpath&amp;quot;,&amp;quot;selector&amp;quot;:&amp;quot;//iframe[@title=&amp;quot;Drift Widget Chat Controller&amp;quot;]&amp;quot;}
  (Session info: chrome=91.0.4472.77)
For documentation on this error, please visit: https://selenium.dev/exceptions/#no_such_element
Build info: version: &amp;apos;4.8.1&amp;apos;, revision: &amp;apos;8ebccac989&amp;apos;
System info: os.name: &amp;apos;Mac OS X&amp;apos;, os.arch: &amp;apos;x86_64&amp;apos;, os.version: &amp;apos;10.16&amp;apos;, java.version: &amp;apos;1.8.0_352&amp;apos;
Driver info: org.openqa.selenium.remote.RemoteWebDriver
Command: [d9590d43e265cf96b809e7494f5f94c9, findElement {using=xpath, value=//iframe[@title=&amp;quot;Drift Widget Chat Controller&amp;quot;]}]
Capabilities {acceptInsecureCerts: true, browserName: chrome, browserVersion: 91.0.4472.77, chrome: {chromedriverVersion: 91.0.4472.19 (1bf021f248676..., userDataDir: /tmp/.com.google.Chrome.swKCnb}, goog:chromeOptions: {debuggerAddress: localhost:37255}, networkConnectionEnabled: false, pageLoadStrategy: none, platformName: LINUX, proxy: Proxy(), setWindowRect: true, strictFileInteractability: false, timeouts: {implicit: 0, pageLoad: 300000, script: 30000}, unhandledPromptBehavior: dismiss and notify, webauthn:extension:largeBlob: true, webauthn:virtualAuthenticators: true, webdriver.remote.sessionid: d9590d43e265cf96b809e7494f5...}
Session ID: d9590d43e265cf96b809e7494f5f94c9">
      <![CDATA[org.openqa.selenium.NoSuchElementException: no such element: Unable to locate element: {"method":"xpath","selector":"//iframe[@title="Drift Widget Chat Controller"]"}
  (Session info: chrome=91.0.4472.77)
For documentation on this error, please visit: https://selenium.dev/exceptions/#no_such_element
Build info: version: '4.8.1', revision: '8ebccac989'
System info: os.name: 'Mac OS X', os.arch: 'x86_64', os.version: '10.16', java.version: '1.8.0_352'
Driver info: org.openqa.selenium.remote.RemoteWebDriver
Command: [d9590d43e265cf96b809e7494f5f94c9, findElement {using=xpath, value=//iframe[@title="Drift Widget Chat Controller"]}]
Capabilities {acceptInsecureCerts: true, browserName: chrome, browserVersion: 91.0.4472.77, chrome: {chromedriverVersion: 91.0.4472.19 (1bf021f248676..., userDataDir: /tmp/.com.google.Chrome.swKCnb}, goog:chromeOptions: {debuggerAddress: localhost:37255}, networkConnectionEnabled: false, pageLoadStrategy: none, platformName: LINUX, proxy: Proxy(), setWindowRect: true, strictFileInteractability: false, timeouts: {implicit: 0, pageLoad: 300000, script: 30000}, unhandledPromptBehavior: dismiss and notify, webauthn:extension:largeBlob: true, webauthn:virtualAuthenticators: true, webdriver.remote.sessionid: d9590d43e265cf96b809e7494f5...}
Session ID: d9590d43e265cf96b809e7494f5f94c9
at org.openqa.selenium.remote.codec.w3c.W3CHttpResponseCodec.createException(W3CHttpResponseCodec.java:200)
at org.openqa.selenium.remote.codec.w3c.W3CHttpResponseCodec.decode(W3CHttpResponseCodec.java:133)
at org.openqa.selenium.remote.codec.w3c.W3CHttpResponseCodec.decode(W3CHttpResponseCodec.java:53)
at org.openqa.selenium.remote.HttpCommandExecutor.execute(HttpCommandExecutor.java:184)
at org.openqa.selenium.remote.TracedCommandExecutor.execute(TracedCommandExecutor.java:51)
at org.openqa.selenium.remote.RemoteWebDriver.execute(RemoteWebDriver.java:543)
at org.openqa.selenium.remote.ElementLocation$ElementFinder$2.findElement(ElementLocation.java:162)
at org.openqa.selenium.remote.ElementLocation.findElement(ElementLocation.java:60)
at org.openqa.selenium.remote.RemoteWebDriver.findElement(RemoteWebDriver.java:352)
at org.openqa.selenium.remote.RemoteWebDriver.findElement(RemoteWebDriver.java:344)
at org.openqa.selenium.support.pagefactory.DefaultElementLocator.findElement(DefaultElementLocator.java:70)
at org.openqa.selenium.support.pagefactory.internal.LocatingElementHandler.invoke(LocatingElementHandler.java:39)
at com.sun.proxy.$Proxy34.getWrappedElement(Unknown Source)
at org.openqa.selenium.remote.internal.WebElementToJsonConverter.apply(WebElementToJsonConverter.java:51)
at org.openqa.selenium.remote.RemoteWebDriver$RemoteTargetLocator.frame(RemoteWebDriver.java:1022)
at com.frame.qa.wrappers.BaseMethod.switchToFrameByWebElement(BaseMethod.java:431)
at com.frame.qa.webpages.HBSO_Page.chatBotVerification(HBSO_Page.java:688)
at com.frame.qa.sampleTestcases.HBSOWeb_Test.chatBotTest(HBSOWeb_Test.java:41)
at java.util.concurrent.ThreadPoolExecutor.runWorker(ThreadPoolExecutor.java:1149)
at java.util.concurrent.ThreadPoolExecutor$Worker.run(ThreadPoolExecutor.java:624)
at java.lang.Thread.run(Thread.java:750)
... Removed 15 stack frames]]>
    </failure>
  </testcase> <!-- chatBotTest -->
  <testcase name="chatBotTest1" time="113.904" classname="com.frame.qa.sampleTestcases.HBSOWeb_Test"/>
</testsuite> <!-- HBSOTest -->
