<?xml version="1.0" encoding="UTF-8"?>
<!-- Generated by org.testng.reporters.JUnitXMLReporter -->
<testsuite ignored="0" hostname="LTILBOM20101350" failures="0" tests="7" name="SafarifoxTest" time="686.55" errors="0" timestamp="2022-08-09T15:45:35 IST">
  <testcase classname="com.frame.qa.base.TestBase" name="@BeforeMethod initialization" time="414.906">
    <failure type="org.openqa.selenium.SessionNotCreatedException" message="Could not start a new session. Possible causes are invalid address of the remote server or browser start-up failure.">
      <![CDATA[org.openqa.selenium.SessionNotCreatedException: Could not start a new session. Possible causes are invalid address of the remote server or browser start-up failure.
at org.openqa.selenium.remote.RemoteWebDriver.execute(RemoteWebDriver.java:585)
at org.openqa.selenium.remote.RemoteWebDriver.startSession(RemoteWebDriver.java:248)
at org.openqa.selenium.remote.RemoteWebDriver.<init>(RemoteWebDriver.java:164)
at org.openqa.selenium.remote.RemoteWebDriver.<init>(RemoteWebDriver.java:146)
at com.frame.qa.base.BrowserFactory.InitChrome(BrowserFactory.java:105)
at com.frame.qa.base.TestBase.initialization(TestBase.java:65)
at java.base/java.util.concurrent.ThreadPoolExecutor.runWorker(ThreadPoolExecutor.java:1130)
at java.base/java.util.concurrent.ThreadPoolExecutor$Worker.run(ThreadPoolExecutor.java:630)
at java.base/java.lang.Thread.run(Thread.java:831)
Caused by: org.openqa.selenium.TimeoutException: java.util.concurrent.TimeoutException
Build info: version: '4.1.3', revision: '7b1ebf28ef'
System info: host: 'LTILBOM20101350', ip: '172.16.0.215', os.name: 'Windows 10', os.arch: 'amd64', os.version: '10.0', java.version: '16.0.1'
Driver info: driver.version: RemoteWebDriver
at org.openqa.selenium.remote.http.netty.NettyHttpHandler.makeCall(NettyHttpHandler.java:72)
at org.openqa.selenium.remote.http.AddSeleniumUserAgent.lambda$apply$0(AddSeleniumUserAgent.java:42)
at org.openqa.selenium.remote.http.Filter.lambda$andFinally$1(Filter.java:56)
at org.openqa.selenium.remote.http.netty.NettyHttpHandler.execute(NettyHttpHandler.java:51)
at org.openqa.selenium.remote.http.AddSeleniumUserAgent.lambda$apply$0(AddSeleniumUserAgent.java:42)
at org.openqa.selenium.remote.http.Filter.lambda$andFinally$1(Filter.java:56)
at org.openqa.selenium.remote.http.netty.NettyClient.execute(NettyClient.java:124)
at org.openqa.selenium.remote.tracing.TracedHttpClient.execute(TracedHttpClient.java:55)
at org.openqa.selenium.remote.ProtocolHandshake.createSession(ProtocolHandshake.java:102)
at org.openqa.selenium.remote.ProtocolHandshake.createSession(ProtocolHandshake.java:84)
at org.openqa.selenium.remote.ProtocolHandshake.createSession(ProtocolHandshake.java:62)
at org.openqa.selenium.remote.HttpCommandExecutor.execute(HttpCommandExecutor.java:156)
at org.openqa.selenium.remote.TracedCommandExecutor.execute(TracedCommandExecutor.java:51)
at org.openqa.selenium.remote.RemoteWebDriver.execute(RemoteWebDriver.java:567)
... 24 more
Caused by: java.util.concurrent.TimeoutException
at java.base/java.util.concurrent.CompletableFuture.timedGet(CompletableFuture.java:1956)
at java.base/java.util.concurrent.CompletableFuture.get(CompletableFuture.java:2091)
at org.asynchttpclient.netty.NettyResponseFuture.get(NettyResponseFuture.java:206)
at org.openqa.selenium.remote.http.netty.NettyHttpHandler.makeCall(NettyHttpHandler.java:66)
... 37 more
... Removed 16 stack frames]]>
    </failure>
  </testcase> <!-- @BeforeMethod initialization -->
  <testcase classname="com.frame.qa.sampleTestcases.StoreHomePageTest" name="@BeforeMethod setUp" time="-1.660039863921E9">
    <skipped/>
  </testcase> <!-- @BeforeMethod setUp -->
  <testcase classname="com.frame.qa.base.TestBase" name="@AfterMethod tearDown" time="-1.660039863936E9">
    <skipped/>
  </testcase> <!-- @AfterMethod tearDown -->
  <testcase classname="com.frame.qa.sampleTestcases.StoreHomePageTest" name="@BeforeMethod setUp" time="-1.660039989592E9">
    <skipped/>
  </testcase> <!-- @BeforeMethod setUp -->
  <testcase classname="com.frame.qa.base.TestBase" name="@AfterMethod tearDown" time="-1.660039989598E9">
    <skipped/>
  </testcase> <!-- @AfterMethod tearDown -->
  <testcase classname="com.frame.qa.base.TestBase" name="@AfterMethod tearDown" time="-1.66003998961E9">
    <skipped/>
  </testcase> <!-- @AfterMethod tearDown -->
  <testcase classname="com.frame.qa.base.TestBase" name="@AfterMethod tearDown" time="-1.660039989614E9">
    <skipped/>
  </testcase> <!-- @AfterMethod tearDown -->
  <testcase classname="com.frame.qa.base.TestBase" name="@AfterMethod tearDown" time="-1.660039989617E9">
    <skipped/>
  </testcase> <!-- @AfterMethod tearDown -->
  <testcase classname="com.frame.qa.sampleTestcases.StoreHomePageTest" name="@BeforeMethod setUp" time="-1.660040035091E9">
    <skipped/>
  </testcase> <!-- @BeforeMethod setUp -->
  <testcase classname="com.frame.qa.base.TestBase" name="@AfterMethod tearDown" time="-1.660040035097E9">
    <skipped/>
  </testcase> <!-- @AfterMethod tearDown -->
  <testcase classname="com.frame.qa.sampleTestcases.StoreHomePageTest" name="@BeforeMethod setUp" time="-1.660040135498E9">
    <skipped/>
  </testcase> <!-- @BeforeMethod setUp -->
  <testcase classname="com.frame.qa.base.TestBase" name="@AfterMethod tearDown" time="-1.660040135506E9">
    <skipped/>
  </testcase> <!-- @AfterMethod tearDown -->
  <testcase classname="com.frame.qa.sampleTestcases.StoreHomePageTest" name="selectLanguange" time="0.0">
    <skipped/>
  </testcase> <!-- selectLanguange -->
  <testcase classname="com.frame.qa.sampleTestcases.StoreHomePageTest" name="launchCatagoryInNewTab" time="0.0">
    <skipped/>
  </testcase> <!-- launchCatagoryInNewTab -->
  <testcase classname="com.frame.qa.sampleTestcases.StoreHomePageTest" name="selectWomenCatagory" time="0.0">
    <skipped/>
  </testcase> <!-- selectWomenCatagory -->
  <testcase classname="com.frame.qa.sampleTestcases.StoreHomePageTest" name="SearchProduct" time="0.0">
    <skipped/>
  </testcase> <!-- SearchProduct -->
  <testcase classname="com.frame.qa.sampleTestcases.StoreHomePageTest" name="productCheckout" time="0.0">
    <skipped/>
  </testcase> <!-- productCheckout -->
  <testcase classname="com.frame.qa.sampleTestcases.StoreHomePageTest" name="SelectEachCatagory" time="0.0">
    <skipped/>
  </testcase> <!-- SelectEachCatagory -->
  <testcase classname="com.frame.qa.sampleTestcases.StoreHomePageTest" name="TestAngularApp" time="0.0">
    <skipped/>
  </testcase> <!-- TestAngularApp -->
</testsuite> <!-- SafarifoxTest -->
